{
  "uid" : "afadd7d407760ca8",
  "name" : "test_guest_cant_see_success_message_after_adding_product_to_basket",
  "fullName" : "module_5.test_product_page.TestProductPage#test_guest_cant_see_success_message_after_adding_product_to_basket",
  "historyId" : "73a493c161f5189f89249bf7a7c46bd7",
  "time" : {
    "start" : 1624135847787,
    "stop" : 1624135850105,
    "duration" : 2318
  },
  "status" : "skipped",
  "statusMessage" : "XFAIL\n\nAssertionError: Выведено сообщение об успешном добавлении товара в корзину, хотя оно в данный момент отображаться не должно",
  "statusTrace" : "self = <module_5.test_product_page.TestProductPage object at 0x10ee7a4f0>, browser = <selenium.webdriver.chrome.webdriver.WebDriver (session=\"7a594eda2f715a9efa34889d46b7d122\")>\n\n    @pytest.mark.xfail\n    def test_guest_cant_see_success_message_after_adding_product_to_basket(self, browser):\n        # arrange\n        page = ProductPage(browser, link)\n        page.open()\n    \n        # act\n        page.add_to_basket()\n    \n        # assert\n>       page.should_not_be_success_message()\n\nmodule_5/test_product_page.py:53: \n_ _ _ _ _ _ _ _ _ _ _ _ _ _ _ _ _ _ _ _ _ _ _ _ _ _ _ _ _ _ _ _ _ _ _ _ _ _ _ _ _ _ _ _ _ _ _ _ _ _ _ _ _ _ _ _ _ _ _ _ _ _ _ _ _ _ _ _ _ _ _ _ _ _ _ _ _ _ _ _ _ _ _ _ _ _ _ _ _ _ _ _ _ _ _ _ _ _ _ _ _ _ _ _ _ _ _ _ _ _ _ _ _ _ _ _ _ _ _ _ _ _ _ _ _ _ _ _ _ _ _ _ _ _ _ _ _ _ _ _ _ _ _ _ _ _ _ _ _ _ _ _ _ _ _ _ _ _ _ _ _ _ _ _ _ _ _ _ _ _ _ _ _ _ _ _ _ _ _ _ _ _ \n\nself = <module_5.pages.product_page.ProductPage object at 0x10ee78160>\n\n    def should_not_be_success_message(self):\n>       assert self.is_not_element_present(*ProductPageLocators.SUCCESS_ADD_TO_BASKET_MESSAGE), \\\n            'Выведено сообщение об успешном добавлении товара в корзину, ' \\\n            'хотя оно в данный момент отображаться не должно'\nE       AssertionError: Выведено сообщение об успешном добавлении товара в корзину, хотя оно в данный момент отображаться не должно\n\nmodule_5/pages/product_page.py:31: AssertionError",
  "flaky" : false,
  "newFailed" : false,
  "beforeStages" : [ {
    "name" : "browser",
    "time" : {
      "start" : 1624135844763,
      "stop" : 1624135847786,
      "duration" : 3023
    },
    "status" : "passed",
    "steps" : [ ],
    "attachments" : [ ],
    "parameters" : [ ],
    "stepsCount" : 0,
    "attachmentsCount" : 0,
    "shouldDisplayMessage" : false,
    "hasContent" : false
  } ],
  "testStage" : {
    "status" : "skipped",
    "statusMessage" : "XFAIL\n\nAssertionError: Выведено сообщение об успешном добавлении товара в корзину, хотя оно в данный момент отображаться не должно",
    "statusTrace" : "self = <module_5.test_product_page.TestProductPage object at 0x10ee7a4f0>, browser = <selenium.webdriver.chrome.webdriver.WebDriver (session=\"7a594eda2f715a9efa34889d46b7d122\")>\n\n    @pytest.mark.xfail\n    def test_guest_cant_see_success_message_after_adding_product_to_basket(self, browser):\n        # arrange\n        page = ProductPage(browser, link)\n        page.open()\n    \n        # act\n        page.add_to_basket()\n    \n        # assert\n>       page.should_not_be_success_message()\n\nmodule_5/test_product_page.py:53: \n_ _ _ _ _ _ _ _ _ _ _ _ _ _ _ _ _ _ _ _ _ _ _ _ _ _ _ _ _ _ _ _ _ _ _ _ _ _ _ _ _ _ _ _ _ _ _ _ _ _ _ _ _ _ _ _ _ _ _ _ _ _ _ _ _ _ _ _ _ _ _ _ _ _ _ _ _ _ _ _ _ _ _ _ _ _ _ _ _ _ _ _ _ _ _ _ _ _ _ _ _ _ _ _ _ _ _ _ _ _ _ _ _ _ _ _ _ _ _ _ _ _ _ _ _ _ _ _ _ _ _ _ _ _ _ _ _ _ _ _ _ _ _ _ _ _ _ _ _ _ _ _ _ _ _ _ _ _ _ _ _ _ _ _ _ _ _ _ _ _ _ _ _ _ _ _ _ _ _ _ _ _ \n\nself = <module_5.pages.product_page.ProductPage object at 0x10ee78160>\n\n    def should_not_be_success_message(self):\n>       assert self.is_not_element_present(*ProductPageLocators.SUCCESS_ADD_TO_BASKET_MESSAGE), \\\n            'Выведено сообщение об успешном добавлении товара в корзину, ' \\\n            'хотя оно в данный момент отображаться не должно'\nE       AssertionError: Выведено сообщение об успешном добавлении товара в корзину, хотя оно в данный момент отображаться не должно\n\nmodule_5/pages/product_page.py:31: AssertionError",
    "steps" : [ ],
    "attachments" : [ {
      "uid" : "363f9b76a3ae30f2",
      "name" : "stdout",
      "source" : "363f9b76a3ae30f2.txt",
      "type" : "text/plain",
      "size" : 33
    } ],
    "parameters" : [ ],
    "stepsCount" : 0,
    "attachmentsCount" : 1,
    "shouldDisplayMessage" : true,
    "hasContent" : true
  },
  "afterStages" : [ {
    "name" : "browser::0",
    "time" : {
      "start" : 1624135850126,
      "stop" : 1624135851022,
      "duration" : 896
    },
    "status" : "passed",
    "steps" : [ ],
    "attachments" : [ ],
    "parameters" : [ ],
    "stepsCount" : 0,
    "attachmentsCount" : 0,
    "shouldDisplayMessage" : false,
    "hasContent" : false
  } ],
  "labels" : [ {
    "name" : "tag",
    "value" : "@pytest.mark.xfail"
  }, {
    "name" : "parentSuite",
    "value" : "module_5"
  }, {
    "name" : "suite",
    "value" : "test_product_page"
  }, {
    "name" : "subSuite",
    "value" : "TestProductPage"
  }, {
    "name" : "host",
    "value" : "iMac.local"
  }, {
    "name" : "thread",
    "value" : "28461-MainThread"
  }, {
    "name" : "framework",
    "value" : "pytest"
  }, {
    "name" : "language",
    "value" : "cpython3"
  }, {
    "name" : "package",
    "value" : "module_5.test_product_page"
  }, {
    "name" : "resultFormat",
    "value" : "allure2"
  } ],
  "parameters" : [ ],
  "links" : [ ],
  "hidden" : false,
  "retry" : false,
  "extra" : {
    "severity" : "normal",
    "retries" : [ ],
    "categories" : [ ],
    "tags" : [ "@pytest.mark.xfail" ]
  },
  "source" : "afadd7d407760ca8.json",
  "parameterValues" : [ ]
}