{
  "uid" : "cd0a0127f50b4263",
  "name" : "test_message_disappeared_after_adding_product_to_basket",
  "fullName" : "module_5.test_product_page.TestProductPage#test_message_disappeared_after_adding_product_to_basket",
  "historyId" : "b1c3189d6400963e937a7a94e38cea78",
  "time" : {
    "start" : 1624135869895,
    "stop" : 1624135876237,
    "duration" : 6342
  },
  "status" : "skipped",
  "statusMessage" : "XFAIL\n\nAssertionError: Отображается сообщение об успешном добавлении товара в корзину, хотя оно должно исчезнуть",
  "statusTrace" : "self = <module_5.test_product_page.TestProductPage object at 0x10ee5c370>, browser = <selenium.webdriver.chrome.webdriver.WebDriver (session=\"73849a893cbc63608af08abc14f9ff9e\")>\n\n    @pytest.mark.xfail\n    def test_message_disappeared_after_adding_product_to_basket(self, browser):\n        # arrange\n        page = ProductPage(browser, link)\n        page.open()\n    \n        # act\n        page.add_to_basket()\n    \n        # assert\n>       page.should_be_success_message_disappear()\n\nmodule_5/test_product_page.py:73: \n_ _ _ _ _ _ _ _ _ _ _ _ _ _ _ _ _ _ _ _ _ _ _ _ _ _ _ _ _ _ _ _ _ _ _ _ _ _ _ _ _ _ _ _ _ _ _ _ _ _ _ _ _ _ _ _ _ _ _ _ _ _ _ _ _ _ _ _ _ _ _ _ _ _ _ _ _ _ _ _ _ _ _ _ _ _ _ _ _ _ _ _ _ _ _ _ _ _ _ _ _ _ _ _ _ _ _ _ _ _ _ _ _ _ _ _ _ _ _ _ _ _ _ _ _ _ _ _ _ _ _ _ _ _ _ _ _ _ _ _ _ _ _ _ _ _ _ _ _ _ _ _ _ _ _ _ _ _ _ _ _ _ _ _ _ _ _ _ _ _ _ _ _ _ _ _ _ _ _ _ _ _ \n\nself = <module_5.pages.product_page.ProductPage object at 0x10ee78340>\n\n    def should_be_success_message_disappear(self):\n>       assert self.is_disappeared(*ProductPageLocators.SUCCESS_ADD_TO_BASKET_MESSAGE), \\\n            'Отображается сообщение об успешном добавлении товара в корзину, ' \\\n            'хотя оно должно исчезнуть'\nE       AssertionError: Отображается сообщение об успешном добавлении товара в корзину, хотя оно должно исчезнуть\n\nmodule_5/pages/product_page.py:36: AssertionError",
  "flaky" : false,
  "newFailed" : false,
  "beforeStages" : [ {
    "name" : "browser",
    "time" : {
      "start" : 1624135866885,
      "stop" : 1624135869893,
      "duration" : 3008
    },
    "status" : "passed",
    "steps" : [ ],
    "attachments" : [ ],
    "parameters" : [ ],
    "stepsCount" : 0,
    "attachmentsCount" : 0,
    "shouldDisplayMessage" : false,
    "hasContent" : false
  } ],
  "testStage" : {
    "status" : "skipped",
    "statusMessage" : "XFAIL\n\nAssertionError: Отображается сообщение об успешном добавлении товара в корзину, хотя оно должно исчезнуть",
    "statusTrace" : "self = <module_5.test_product_page.TestProductPage object at 0x10ee5c370>, browser = <selenium.webdriver.chrome.webdriver.WebDriver (session=\"73849a893cbc63608af08abc14f9ff9e\")>\n\n    @pytest.mark.xfail\n    def test_message_disappeared_after_adding_product_to_basket(self, browser):\n        # arrange\n        page = ProductPage(browser, link)\n        page.open()\n    \n        # act\n        page.add_to_basket()\n    \n        # assert\n>       page.should_be_success_message_disappear()\n\nmodule_5/test_product_page.py:73: \n_ _ _ _ _ _ _ _ _ _ _ _ _ _ _ _ _ _ _ _ _ _ _ _ _ _ _ _ _ _ _ _ _ _ _ _ _ _ _ _ _ _ _ _ _ _ _ _ _ _ _ _ _ _ _ _ _ _ _ _ _ _ _ _ _ _ _ _ _ _ _ _ _ _ _ _ _ _ _ _ _ _ _ _ _ _ _ _ _ _ _ _ _ _ _ _ _ _ _ _ _ _ _ _ _ _ _ _ _ _ _ _ _ _ _ _ _ _ _ _ _ _ _ _ _ _ _ _ _ _ _ _ _ _ _ _ _ _ _ _ _ _ _ _ _ _ _ _ _ _ _ _ _ _ _ _ _ _ _ _ _ _ _ _ _ _ _ _ _ _ _ _ _ _ _ _ _ _ _ _ _ _ \n\nself = <module_5.pages.product_page.ProductPage object at 0x10ee78340>\n\n    def should_be_success_message_disappear(self):\n>       assert self.is_disappeared(*ProductPageLocators.SUCCESS_ADD_TO_BASKET_MESSAGE), \\\n            'Отображается сообщение об успешном добавлении товара в корзину, ' \\\n            'хотя оно должно исчезнуть'\nE       AssertionError: Отображается сообщение об успешном добавлении товара в корзину, хотя оно должно исчезнуть\n\nmodule_5/pages/product_page.py:36: AssertionError",
    "steps" : [ ],
    "attachments" : [ {
      "uid" : "15bddcaf069e29f",
      "name" : "stdout",
      "source" : "15bddcaf069e29f.txt",
      "type" : "text/plain",
      "size" : 33
    } ],
    "parameters" : [ ],
    "stepsCount" : 0,
    "attachmentsCount" : 1,
    "shouldDisplayMessage" : true,
    "hasContent" : true
  },
  "afterStages" : [ {
    "name" : "browser::0",
    "time" : {
      "start" : 1624135876243,
      "stop" : 1624135877055,
      "duration" : 812
    },
    "status" : "passed",
    "steps" : [ ],
    "attachments" : [ ],
    "parameters" : [ ],
    "stepsCount" : 0,
    "attachmentsCount" : 0,
    "shouldDisplayMessage" : false,
    "hasContent" : false
  } ],
  "labels" : [ {
    "name" : "tag",
    "value" : "@pytest.mark.xfail"
  }, {
    "name" : "parentSuite",
    "value" : "module_5"
  }, {
    "name" : "suite",
    "value" : "test_product_page"
  }, {
    "name" : "subSuite",
    "value" : "TestProductPage"
  }, {
    "name" : "host",
    "value" : "iMac.local"
  }, {
    "name" : "thread",
    "value" : "28461-MainThread"
  }, {
    "name" : "framework",
    "value" : "pytest"
  }, {
    "name" : "language",
    "value" : "cpython3"
  }, {
    "name" : "package",
    "value" : "module_5.test_product_page"
  }, {
    "name" : "resultFormat",
    "value" : "allure2"
  } ],
  "parameters" : [ ],
  "links" : [ ],
  "hidden" : false,
  "retry" : false,
  "extra" : {
    "severity" : "normal",
    "retries" : [ ],
    "categories" : [ ],
    "tags" : [ "@pytest.mark.xfail" ]
  },
  "source" : "cd0a0127f50b4263.json",
  "parameterValues" : [ ]
}